<?xml version="1.0" encoding="UTF-8"?>
<!-- Generated by org.testng.reporters.JUnitXMLReporter -->
<testsuite ignored="0" hostname="LAPTOP-H6VEF0PU" failures="1" tests="2" name="Error Validation Test" time="73.707" errors="0" timestamp="2025-03-15T21:00:41 JST">
  <testcase classname="automation.test.ErrorValidationsTest" name="productErrorValidation" time="3.905"/>
  <testcase classname="automation.test.ErrorValidationsTest" name="submitOrder" time="1.515">
    <failure type="java.lang.AssertionError" message="expected [Incorrect email or password.] but found [Incorrect email or password]">
      <![CDATA[java.lang.AssertionError: expected [Incorrect email or password.] but found [Incorrect email or password]
at automation.test.ErrorValidationsTest.submitOrder(ErrorValidationsTest.java:15)
at java.base/java.util.ArrayList.forEach(ArrayList.java:1596)
... Removed 31 stack frames]]>
    </failure>
  </testcase> <!-- submitOrder -->
</testsuite> <!-- Error Validation Test -->
