<?xml version="1.0" encoding="UTF-8"?>
<!-- Generated by org.testng.reporters.JUnitXMLReporter -->
<testsuite ignored="0" hostname="LAPTOP-H6VEF0PU" failures="0" tests="3" name="Submit Order Test" time="32.885" errors="0" timestamp="2025-04-14T21:28:32 JST">
  <testcase classname="automation.test.SubmitOrderTest" name="submitOrder" time="4.792"/>
  <testcase classname="automation.test.SubmitOrderTest" name="submitOrder" time="5.157"/>
  <testcase classname="automation.test.SubmitOrderTest" name="OrderHistoryTest" time="0.892"/>
</testsuite> <!-- Submit Order Test -->
