<?xml version="1.0" encoding="UTF-8"?>
<testng-results ignored="3" total="5" passed="2" failed="0" skipped="0">
  <reporter-output>
  </reporter-output>
  <suite started-at="2025-03-16T23:41:27 JST" name="Suite" finished-at="2025-03-16T23:42:48 JST" duration-ms="80936">
    <groups>
      <group name="Purchase">
        <method signature="SubmitOrderTest.submitOrder(java.util.HashMap)[pri:0, instance:automation.test.SubmitOrderTest@5b218417]" name="submitOrder" class="automation.test.SubmitOrderTest"/>
      </group> <!-- Purchase -->
    </groups>
    <test started-at="2025-03-16T23:41:27 JST" name="Error Validation Test" finished-at="2025-03-16T23:41:27 JST" duration-ms="16">
    </test> <!-- Error Validation Test -->
    <test started-at="2025-03-16T23:41:27 JST" name="Submit Order Test" finished-at="2025-03-16T23:42:48 JST" duration-ms="80936">
      <class name="automation.test.SubmitOrderTest">
        <test-method is-config="true" signature="launchApplication()[pri:0, instance:automation.test.SubmitOrderTest@5b218417]" started-at="2025-03-16T23:41:28 JST" name="launchApplication" finished-at="2025-03-16T23:42:04 JST" duration-ms="36589" status="PASS">
          <reporter-output>
          </reporter-output>
        </test-method> <!-- launchApplication -->
        <test-method signature="submitOrder(java.util.HashMap)[pri:0, instance:automation.test.SubmitOrderTest@5b218417]" started-at="2025-03-16T23:42:04 JST" name="submitOrder" data-provider="getData" finished-at="2025-03-16T23:42:09 JST" duration-ms="4849" status="PASS">
          <params>
            <param index="0">
              <value>
                <![CDATA[{password=Sakura@23, email=test.sakura@gmail.com, productName=ZARA COAT 3}]]>
              </value>
            </param>
          </params>
          <reporter-output>
          </reporter-output>
        </test-method> <!-- submitOrder -->
        <test-method is-config="true" signature="tearDown()[pri:0, instance:automation.test.SubmitOrderTest@5b218417]" started-at="2025-03-16T23:42:09 JST" name="tearDown" finished-at="2025-03-16T23:42:09 JST" duration-ms="141" status="PASS">
          <reporter-output>
          </reporter-output>
        </test-method> <!-- tearDown -->
        <test-method is-config="true" signature="launchApplication()[pri:0, instance:automation.test.SubmitOrderTest@5b218417]" started-at="2025-03-16T23:42:09 JST" name="launchApplication" finished-at="2025-03-16T23:42:43 JST" duration-ms="34122" status="PASS">
          <reporter-output>
          </reporter-output>
        </test-method> <!-- launchApplication -->
        <test-method signature="submitOrder(java.util.HashMap)[pri:0, instance:automation.test.SubmitOrderTest@5b218417]" started-at="2025-03-16T23:42:43 JST" name="submitOrder" data-provider="getData" finished-at="2025-03-16T23:42:48 JST" duration-ms="4714" status="PASS">
          <params>
            <param index="0">
              <value>
                <![CDATA[{password=Testtaro23, email=taro@gmail.com, productName=ADIDAS ORIGINAL}]]>
              </value>
            </param>
          </params>
          <reporter-output>
          </reporter-output>
        </test-method> <!-- submitOrder -->
        <test-method is-config="true" signature="tearDown()[pri:0, instance:automation.test.SubmitOrderTest@5b218417]" started-at="2025-03-16T23:42:48 JST" name="tearDown" finished-at="2025-03-16T23:42:48 JST" duration-ms="105" status="PASS">
          <reporter-output>
          </reporter-output>
        </test-method> <!-- tearDown -->
      </class> <!-- automation.test.SubmitOrderTest -->
    </test> <!-- Submit Order Test -->
  </suite> <!-- Suite -->
</testng-results>
