<?xml version="1.0" encoding="UTF-8"?>
<testng-results ignored="3" total="5" passed="2" failed="0" skipped="0">
  <reporter-output>
  </reporter-output>
  <suite started-at="2025-03-16T22:49:00 JST" name="Suite" finished-at="2025-03-16T22:50:19 JST" duration-ms="78471">
    <groups>
      <group name="Purchase">
        <method signature="SubmitOrderTest.submitOrder(java.util.HashMap)[pri:0, instance:automation.test.SubmitOrderTest@68c9133c]" name="submitOrder" class="automation.test.SubmitOrderTest"/>
      </group> <!-- Purchase -->
    </groups>
    <test started-at="2025-03-16T22:49:00 JST" name="Error Validation Test" finished-at="2025-03-16T22:49:00 JST" duration-ms="19">
    </test> <!-- Error Validation Test -->
    <test started-at="2025-03-16T22:49:00 JST" name="Submit Order Test" finished-at="2025-03-16T22:50:19 JST" duration-ms="78471">
      <class name="automation.test.SubmitOrderTest">
        <test-method is-config="true" signature="launchApplication()[pri:0, instance:automation.test.SubmitOrderTest@68c9133c]" started-at="2025-03-16T22:49:00 JST" name="launchApplication" finished-at="2025-03-16T22:49:35 JST" duration-ms="34618" status="PASS">
          <reporter-output>
          </reporter-output>
        </test-method> <!-- launchApplication -->
        <test-method signature="submitOrder(java.util.HashMap)[pri:0, instance:automation.test.SubmitOrderTest@68c9133c]" started-at="2025-03-16T22:49:35 JST" name="submitOrder" data-provider="getData" finished-at="2025-03-16T22:49:39 JST" duration-ms="4547" status="PASS">
          <params>
            <param index="0">
              <value>
                <![CDATA[{password=Sakura@23, email=test.sakura@gmail.com, productName=ZARA COAT 3}]]>
              </value>
            </param>
          </params>
          <reporter-output>
          </reporter-output>
        </test-method> <!-- submitOrder -->
        <test-method is-config="true" signature="tearDown()[pri:0, instance:automation.test.SubmitOrderTest@68c9133c]" started-at="2025-03-16T22:49:39 JST" name="tearDown" finished-at="2025-03-16T22:49:40 JST" duration-ms="126" status="PASS">
          <reporter-output>
          </reporter-output>
        </test-method> <!-- tearDown -->
        <test-method is-config="true" signature="launchApplication()[pri:0, instance:automation.test.SubmitOrderTest@68c9133c]" started-at="2025-03-16T22:49:40 JST" name="launchApplication" finished-at="2025-03-16T22:50:14 JST" duration-ms="34197" status="PASS">
          <reporter-output>
          </reporter-output>
        </test-method> <!-- launchApplication -->
        <test-method signature="submitOrder(java.util.HashMap)[pri:0, instance:automation.test.SubmitOrderTest@68c9133c]" started-at="2025-03-16T22:50:14 JST" name="submitOrder" data-provider="getData" finished-at="2025-03-16T22:50:19 JST" duration-ms="4757" status="PASS">
          <params>
            <param index="0">
              <value>
                <![CDATA[{password=Testtaro23, email=taro@gmail.com, productName=ADIDAS ORIGINAL}]]>
              </value>
            </param>
          </params>
          <reporter-output>
          </reporter-output>
        </test-method> <!-- submitOrder -->
        <test-method is-config="true" signature="tearDown()[pri:0, instance:automation.test.SubmitOrderTest@68c9133c]" started-at="2025-03-16T22:50:19 JST" name="tearDown" finished-at="2025-03-16T22:50:19 JST" duration-ms="125" status="PASS">
          <reporter-output>
          </reporter-output>
        </test-method> <!-- tearDown -->
      </class> <!-- automation.test.SubmitOrderTest -->
    </test> <!-- Submit Order Test -->
  </suite> <!-- Suite -->
</testng-results>
