<?xml version="1.0" encoding="UTF-8"?>
<testng-results ignored="3" total="4" passed="1" failed="0" skipped="0">
  <reporter-output>
  </reporter-output>
  <suite started-at="2025-03-16T17:38:35 JST" name="Suite" finished-at="2025-03-16T17:38:43 JST" duration-ms="7564">
    <groups>
      <group name="ErrorHandling">
        <method signature="ErrorValidationsTest.submitOrder()[pri:0, instance:automation.test.ErrorValidationsTest@3ad83a66]" name="submitOrder" class="automation.test.ErrorValidationsTest"/>
      </group> <!-- ErrorHandling -->
    </groups>
    <test started-at="2025-03-16T17:38:35 JST" name="Submit Order Test" finished-at="2025-03-16T17:38:35 JST" duration-ms="18">
    </test> <!-- Submit Order Test -->
    <test started-at="2025-03-16T17:38:35 JST" name="Error Validation Test" finished-at="2025-03-16T17:38:43 JST" duration-ms="7564">
      <class name="automation.test.ErrorValidationsTest">
        <test-method is-config="true" signature="launchApplication()[pri:0, instance:automation.test.ErrorValidationsTest@3ad83a66]" started-at="2025-03-16T17:38:35 JST" name="launchApplication" finished-at="2025-03-16T17:38:41 JST" duration-ms="6174" status="PASS">
          <reporter-output>
          </reporter-output>
        </test-method> <!-- launchApplication -->
        <test-method signature="submitOrder()[pri:0, instance:automation.test.ErrorValidationsTest@3ad83a66]" started-at="2025-03-16T17:38:41 JST" name="submitOrder" finished-at="2025-03-16T17:38:42 JST" duration-ms="1163" status="PASS">
          <reporter-output>
          </reporter-output>
        </test-method> <!-- submitOrder -->
        <test-method is-config="true" signature="tearDown()[pri:0, instance:automation.test.ErrorValidationsTest@3ad83a66]" started-at="2025-03-16T17:38:42 JST" name="tearDown" finished-at="2025-03-16T17:38:43 JST" duration-ms="155" status="PASS">
          <reporter-output>
          </reporter-output>
        </test-method> <!-- tearDown -->
      </class> <!-- automation.test.ErrorValidationsTest -->
    </test> <!-- Error Validation Test -->
  </suite> <!-- Suite -->
</testng-results>
